Using pre-set license
Built from '2023.2/release' branch; Version is '2023.2.4f1 (3a7eb0602d92) revision 3833520'; Using compiler version '193431935'; Build Type 'Release'
OS: 'Windows 11  (10.0.26100) 64bit CoreSingleLanguage' Language: 'en' Physical Memory: 24315 MB
BatchMode: 1, IsHumanControllingUs: 0, StartBugReporterOnCrash: 0, Is64bit: 1, IsPro: 1

COMMAND LINE ARGUMENTS:
C:\Program Files\Unity\Hub\Editor\2023.2.4f1\Editor\Unity.exe
-adb2
-batchMode
-noUpm
-name
AssetImportWorker8
-projectPath
C:/HomeWork/unity/TWH_Game_Edit15
-logFile
Logs/AssetImportWorker8.log
-srvPort
49979
-job-worker-count
11
-background-job-worker-count
8
-asset-garbage-collectors
1
Successfully changed project path to: C:/HomeWork/unity/TWH_Game_Edit15
C:/HomeWork/unity/TWH_Game_Edit15
[UnityMemory] Configuration Parameters - Can be set up in boot.config
    "memorysetup-bucket-allocator-granularity=16"
    "memorysetup-bucket-allocator-bucket-count=8"
    "memorysetup-bucket-allocator-block-size=33554432"
    "memorysetup-bucket-allocator-block-count=8"
    "memorysetup-main-allocator-block-size=16777216"
    "memorysetup-thread-allocator-block-size=16777216"
    "memorysetup-gfx-main-allocator-block-size=16777216"
    "memorysetup-gfx-thread-allocator-block-size=16777216"
    "memorysetup-cache-allocator-block-size=4194304"
    "memorysetup-typetree-allocator-block-size=2097152"
    "memorysetup-profiler-bucket-allocator-granularity=16"
    "memorysetup-profiler-bucket-allocator-bucket-count=8"
    "memorysetup-profiler-bucket-allocator-block-size=33554432"
    "memorysetup-profiler-bucket-allocator-block-count=8"
    "memorysetup-profiler-allocator-block-size=16777216"
    "memorysetup-profiler-editor-allocator-block-size=1048576"
    "memorysetup-temp-allocator-size-main=16777216"
    "memorysetup-job-temp-allocator-block-size=2097152"
    "memorysetup-job-temp-allocator-block-size-background=1048576"
    "memorysetup-job-temp-allocator-reduction-small-platforms=262144"
    "memorysetup-allocator-temp-initial-block-size-main=262144"
    "memorysetup-allocator-temp-initial-block-size-worker=262144"
    "memorysetup-temp-allocator-size-background-worker=32768"
    "memorysetup-temp-allocator-size-job-worker=262144"
    "memorysetup-temp-allocator-size-preload-manager=33554432"
    "memorysetup-temp-allocator-size-nav-mesh-worker=65536"
    "memorysetup-temp-allocator-size-audio-worker=65536"
    "memorysetup-temp-allocator-size-cloud-worker=32768"
    "memorysetup-temp-allocator-size-gi-baking-worker=262144"
    "memorysetup-temp-allocator-size-gi-baking-worker=262144"
    "memorysetup-temp-allocator-size-gi-baking-worker=262144"
    "memorysetup-temp-allocator-size-gi-baking-worker=262144"
    "memorysetup-temp-allocator-size-gfx=262144"
Player connection [35272] Host "[IP] 192.168.1.34 [Port] 0 [Flags] 2 [Guid] 394507311 [EditorId] 394507311 [Version] 1048832 [Id] WindowsEditor(7,LAPTOP-1BOK71AU) [Debug] 1 [PackageName] WindowsEditor [ProjectName] Editor" joined multi-casting on [225.0.0.222:54997]...
Player connection [35272] Host "[IP] 192.168.1.34 [Port] 0 [Flags] 2 [Guid] 394507311 [EditorId] 394507311 [Version] 1048832 [Id] WindowsEditor(7,LAPTOP-1BOK71AU) [Debug] 1 [PackageName] WindowsEditor [ProjectName] Editor" joined alternative multi-casting on [225.0.0.222:34997]...
JobSystem: Creating JobQueue using job-worker-count value 11
[Physics::Module] Initialized MultithreadedJobDispatcher with 11 workers.
Library Redirect Path: Library/
Refreshing native plugins compatible for Editor in 4.25 ms, found 4 plugins.
Preloading 0 native plugins for Editor in 0.00 ms.
Initialize engine version: 2023.2.4f1 (3a7eb0602d92)
[Subsystems] Discovering subsystems at path C:/Program Files/Unity/Hub/Editor/2023.2.4f1/Editor/Data/Resources/UnitySubsystems
[Subsystems] Discovering subsystems at path C:/HomeWork/unity/TWH_Game_Edit15/Assets
GfxDevice: creating device client; kGfxThreadingModeNonThreaded
Direct3D:
    Version:  Direct3D 11.0 [level 11.1]
    Renderer: NVIDIA GeForce RTX 4060 Laptop GPU (ID=0x28e0)
    Vendor:   NVIDIA
    VRAM:     7957 MB
    Driver:   32.0.15.6094
Initialize mono
Mono path[0] = 'C:/Program Files/Unity/Hub/Editor/2023.2.4f1/Editor/Data/Managed'
Mono path[1] = 'C:/Program Files/Unity/Hub/Editor/2023.2.4f1/Editor/Data/MonoBleedingEdge/lib/mono/unityjit-win32'
Mono config path = 'C:/Program Files/Unity/Hub/Editor/2023.2.4f1/Editor/Data/MonoBleedingEdge/etc'
Using monoOptions --debugger-agent=transport=dt_socket,embedding=1,server=y,suspend=n,address=127.0.0.1:56300
Begin MonoManager ReloadAssembly
C:\build\output\Unity-Technologies\mono\mono\metadata\icall.c:1842:
C:\build\output\Unity-Technologies\mono\mono\metadata\icall.c:1842:
C:\build\output\Unity-Technologies\mono\mono\metadata\icall.c:1842:
C:\build\output\Unity-Technologies\mono\mono\metadata\icall.c:1842:
C:\build\output\Unity-Technologies\mono\mono\metadata\icall.c:1842:
C:\build\output\Unity-Technologies\mono\mono\metadata\icall.c:1842:
C:\build\output\Unity-Technologies\mono\mono\metadata\icall.c:1842:
C:\build\output\Unity-Technologies\mono\mono\metadata\icall.c:1842:
C:\build\output\Unity-Technologies\mono\mono\metadata\icall.c:1842:
C:\build\output\Unity-Technologies\mono\mono\metadata\icall.c:1842:
Registering precompiled unity dll's ...
Register platform support module: C:/Program Files/Unity/Hub/Editor/2023.2.4f1/Editor/Data/PlaybackEngines/WebGLSupport/UnityEditor.WebGL.Extensions.dll
Register platform support module: C:/Program Files/Unity/Hub/Editor/2023.2.4f1/Editor/Data/PlaybackEngines/WindowsStandaloneSupport/UnityEditor.WindowsStandalone.Extensions.dll
Registered in 0.006920 seconds.
- Loaded All Assemblies, in  0.490 seconds
Native extension for WindowsStandalone target not found
Native extension for WebGL target not found
Mono: successfully reloaded assembly
C:\build\output\Unity-Technologies\mono\mono\metadata\icall.c:1842:
C:\build\output\Unity-Technologies\mono\mono\metadata\icall.c:1842:
- Finished resetting the current domain, in  0.296 seconds
Domain Reload Profiling: 782ms
	BeginReloadAssembly (202ms)
		ExecutionOrderSort (0ms)
		DisableScriptedObjects (0ms)
		BackupInstance (0ms)
		ReleaseScriptingObjects (0ms)
		CreateAndSetChildDomain (1ms)
	RebuildCommonClasses (48ms)
	RebuildNativeTypeToScriptingClass (12ms)
	initialDomainReloadingComplete (58ms)
	LoadAllAssembliesAndSetupDomain (165ms)
		LoadAssemblies (196ms)
		RebuildTransferFunctionScriptingTraits (0ms)
		AnalyzeDomain (163ms)
			TypeCache.Refresh (162ms)
				TypeCache.ScanAssembly (149ms)
			BuildScriptInfoCaches (0ms)
			ResolveRequiredComponents (0ms)
	FinalizeReload (297ms)
		ReleaseScriptCaches (0ms)
		RebuildScriptCaches (0ms)
		SetupLoadedEditorAssemblies (242ms)
			LogAssemblyErrors (0ms)
			InitializePlatformSupportModulesInManaged (10ms)
			SetLoadedEditorAssemblies (4ms)
			BeforeProcessingInitializeOnLoad (6ms)
			ProcessInitializeOnLoadAttributes (179ms)
			ProcessInitializeOnLoadMethodAttributes (43ms)
			AfterProcessingInitializeOnLoad (0ms)
			EditorAssembliesLoaded (0ms)
		ExecutionOrderSort2 (0ms)
		AwakeInstancesAfterBackupRestoration (0ms)
========================================================================
Worker process is ready to serve import requests
Import Worker Mode flag is 0x00
Begin MonoManager ReloadAssembly
C:\build\output\Unity-Technologies\mono\mono\metadata\icall.c:1842:
C:\build\output\Unity-Technologies\mono\mono\metadata\icall.c:1842:
C:\build\output\Unity-Technologies\mono\mono\metadata\icall.c:1842:
C:\build\output\Unity-Technologies\mono\mono\metadata\icall.c:1842:
C:\build\output\Unity-Technologies\mono\mono\metadata\icall.c:1842:
C:\build\output\Unity-Technologies\mono\mono\metadata\icall.c:1842:
C:\build\output\Unity-Technologies\mono\mono\metadata\icall.c:1842:
C:\build\output\Unity-Technologies\mono\mono\metadata\icall.c:1842:
C:\build\output\Unity-Technologies\mono\mono\metadata\icall.c:1842:
C:\build\output\Unity-Technologies\mono\mono\metadata\icall.c:1842:
C:\build\output\Unity-Technologies\mono\mono\metadata\icall.c:1842:
C:\build\output\Unity-Technologies\mono\mono\metadata\icall.c:1842:
Symbol file LoadedFromMemory doesn't match image C:\HomeWork\unity\TWH_Game_Edit15\Library\PackageCache\com.unity.visualscripting@1.8.0\Editor\VisualScripting.Core\Dependencies\YamlDotNet\Unity.VisualScripting.YamlDotNet.dll
Symbol file LoadedFromMemory doesn't match image C:\HomeWork\unity\TWH_Game_Edit15\Library\PackageCache\com.unity.visualscripting@1.8.0\Editor\VisualScripting.Core\Dependencies\DotNetZip\Unity.VisualScripting.IonicZip.dll
- Loaded All Assemblies, in  0.982 seconds
Refreshing native plugins compatible for Editor in 2.75 ms, found 4 plugins.
Native extension for WindowsStandalone target not found
Native extension for WebGL target not found
Mono: successfully reloaded assembly
- Finished resetting the current domain, in  0.799 seconds
Domain Reload Profiling: 1774ms
	BeginReloadAssembly (369ms)
		ExecutionOrderSort (0ms)
		DisableScriptedObjects (5ms)
		BackupInstance (0ms)
		ReleaseScriptingObjects (0ms)
		CreateAndSetChildDomain (35ms)
	RebuildCommonClasses (31ms)
	RebuildNativeTypeToScriptingClass (11ms)
	initialDomainReloadingComplete (40ms)
	LoadAllAssembliesAndSetupDomain (524ms)
		LoadAssemblies (427ms)
		RebuildTransferFunctionScriptingTraits (0ms)
		AnalyzeDomain (207ms)
			TypeCache.Refresh (160ms)
				TypeCache.ScanAssembly (140ms)
			BuildScriptInfoCaches (35ms)
			ResolveRequiredComponents (7ms)
	FinalizeReload (799ms)
		ReleaseScriptCaches (0ms)
		RebuildScriptCaches (0ms)
		SetupLoadedEditorAssemblies (577ms)
			LogAssemblyErrors (0ms)
			InitializePlatformSupportModulesInManaged (4ms)
			SetLoadedEditorAssemblies (5ms)
			BeforeProcessingInitializeOnLoad (62ms)
			ProcessInitializeOnLoadAttributes (456ms)
			ProcessInitializeOnLoadMethodAttributes (38ms)
			AfterProcessingInitializeOnLoad (11ms)
			EditorAssembliesLoaded (0ms)
		ExecutionOrderSort2 (0ms)
		AwakeInstancesAfterBackupRestoration (7ms)
Launched and connected shader compiler UnityShaderCompiler.exe after 0.03 seconds
Refreshing native plugins compatible for Editor in 3.57 ms, found 4 plugins.
Preloading 0 native plugins for Editor in 0.00 ms.
Unloading 33 Unused Serialized files (Serialized files now loaded: 0)
Unloading 4804 unused Assets / (1.6 MB). Loaded Objects now: 5381.
Memory consumption went from 132.7 MB to 131.1 MB.
Total: 6.263300 ms (FindLiveObjects: 0.667500 ms CreateObjectMapping: 0.295600 ms MarkObjects: 3.927400 ms  DeleteObjects: 1.371200 ms)

========================================================================
Received Import Request.
  Time since last request: 1158675.962409 seconds.
  path: Assets/TileMap/Reskin_map01/Map1_1_0.asset
  artifactKey: Guid(e2f49f8b09d59c14ca7029f2b41a9dd6) Importer(815301076,1909f56bfc062723c751e8b465ee728b)
Start importing Assets/TileMap/Reskin_map01/Map1_1_0.asset using Guid(e2f49f8b09d59c14ca7029f2b41a9dd6) Importer(815301076,1909f56bfc062723c751e8b465ee728b) (PreviewImporter) -> (artifact id: 'fbcd7632c914e9b09e80b2e2eaedfed3') in 0.0805557 seconds
Number of updated asset objects reloaded before import = 0Number of asset objects unloaded after import = 3

========================================================================
Received Import Request.
  Time since last request: 0.770330 seconds.
  path: Assets/TileMap/Flower/IMG_1395_4.asset
  artifactKey: Guid(985b39156c7df8547895fb3a095d3198) Importer(815301076,1909f56bfc062723c751e8b465ee728b)
Start importing Assets/TileMap/Flower/IMG_1395_4.asset using Guid(985b39156c7df8547895fb3a095d3198) Importer(815301076,1909f56bfc062723c751e8b465ee728b) (PreviewImporter) -> (artifact id: 'f2c82d871a2220e15d5cee8b12e33674') in 0.0122402 seconds
Number of updated asset objects reloaded before import = 0Number of asset objects unloaded after import = 3

========================================================================
Received Import Request.
  Time since last request: 0.000024 seconds.
  path: Assets/TileMap/Flower/IMG_1395_9.asset
  artifactKey: Guid(18080022a7356b548bd55089ad3d9a65) Importer(815301076,1909f56bfc062723c751e8b465ee728b)
Start importing Assets/TileMap/Flower/IMG_1395_9.asset using Guid(18080022a7356b548bd55089ad3d9a65) Importer(815301076,1909f56bfc062723c751e8b465ee728b) (PreviewImporter) -> (artifact id: '7fa4de3e04fc962e419a07ad5aca09b6') in 0.0117239 seconds
Number of updated asset objects reloaded before import = 0Number of asset objects unloaded after import = 3

========================================================================
Received Import Request.
  Time since last request: 1.088617 seconds.
  path: Assets/TileMap/Flower/IMG_1395_0.asset
  artifactKey: Guid(21c58dc90d873294a8cd399dd7e65d70) Importer(815301076,1909f56bfc062723c751e8b465ee728b)
Start importing Assets/TileMap/Flower/IMG_1395_0.asset using Guid(21c58dc90d873294a8cd399dd7e65d70) Importer(815301076,1909f56bfc062723c751e8b465ee728b) (PreviewImporter) -> (artifact id: '44de4b77b0d2fee424fdcff461f83dcd') in 0.0104096 seconds
Number of updated asset objects reloaded before import = 0Number of asset objects unloaded after import = 3

========================================================================
Received Import Request.
  Time since last request: 53.798279 seconds.
  path: Assets/Platform/PlatformReskin/New_platform/Map1_2.png
  artifactKey: Guid(6ac720364b1c4de4094a1aac83a766b9) Importer(815301076,1909f56bfc062723c751e8b465ee728b)
Start importing Assets/Platform/PlatformReskin/New_platform/Map1_2.png using Guid(6ac720364b1c4de4094a1aac83a766b9) Importer(815301076,1909f56bfc062723c751e8b465ee728b) (PreviewImporter) -> (artifact id: '46646ef7fd5b7596cf4a53d0c29a0116') in 0.0377629 seconds
Number of updated asset objects reloaded before import = 0Number of asset objects unloaded after import = 3

========================================================================
Received Import Request.
  Time since last request: 7.801086 seconds.
  path: Assets/Platform/PlatformReskin/New_platform/Map1_3.png
  artifactKey: Guid(9350cc89a423e1e4480b9ade07d70dfb) Importer(815301076,1909f56bfc062723c751e8b465ee728b)
Start importing Assets/Platform/PlatformReskin/New_platform/Map1_3.png using Guid(9350cc89a423e1e4480b9ade07d70dfb) Importer(815301076,1909f56bfc062723c751e8b465ee728b) (PreviewImporter) -> (artifact id: 'e64c4f7f38961a4467d916c140bf3d16') in 0.0087318 seconds
Number of updated asset objects reloaded before import = 0Number of asset objects unloaded after import = 3

========================================================================
Received Import Request.
  Time since last request: 6.908067 seconds.
  path: Assets/Platform/PlatformReskin/New_platform/Map1_4.png
  artifactKey: Guid(a8cb80e1d5aef5f428762d4a032b1c54) Importer(815301076,1909f56bfc062723c751e8b465ee728b)
Start importing Assets/Platform/PlatformReskin/New_platform/Map1_4.png using Guid(a8cb80e1d5aef5f428762d4a032b1c54) Importer(815301076,1909f56bfc062723c751e8b465ee728b) (PreviewImporter) -> (artifact id: '14a91bcb5fc6e86e45ae2b7b51b1f470') in 0.0087998 seconds
Number of updated asset objects reloaded before import = 0Number of asset objects unloaded after import = 3

========================================================================
Received Import Request.
  Time since last request: 19.338330 seconds.
  path: Assets/Platform/PlatformReskin/New_platform/Map1_5.png
  artifactKey: Guid(d47359bdc96b1e940b815ffc3166255c) Importer(815301076,1909f56bfc062723c751e8b465ee728b)
Start importing Assets/Platform/PlatformReskin/New_platform/Map1_5.png using Guid(d47359bdc96b1e940b815ffc3166255c) Importer(815301076,1909f56bfc062723c751e8b465ee728b) (PreviewImporter) -> (artifact id: '8b105f1a64d00d50f7f3040b50e4feaa') in 0.0090271 seconds
Number of updated asset objects reloaded before import = 0Number of asset objects unloaded after import = 3

========================================================================
Received Import Request.
  Time since last request: 19.093397 seconds.
  path: Assets/TileMap/Reskin_map01/Map1_2_0.asset
  artifactKey: Guid(f0dfa060fb58c5c4d96b362de5f8fd44) Importer(815301076,1909f56bfc062723c751e8b465ee728b)
Start importing Assets/TileMap/Reskin_map01/Map1_2_0.asset using Guid(f0dfa060fb58c5c4d96b362de5f8fd44) Importer(815301076,1909f56bfc062723c751e8b465ee728b) (PreviewImporter) -> (artifact id: 'acab25b58fbdda59e6697c4e4d45bdbf') in 0.0086102 seconds
Number of updated asset objects reloaded before import = 0Number of asset objects unloaded after import = 3

========================================================================
Received Import Request.
  Time since last request: 86.894544 seconds.
  path: Assets/Platform/PlatformReskin/More_grass/Grass1.png
  artifactKey: Guid(e47ea1900c91fd541aa06a838459fef2) Importer(815301076,1909f56bfc062723c751e8b465ee728b)
Start importing Assets/Platform/PlatformReskin/More_grass/Grass1.png using Guid(e47ea1900c91fd541aa06a838459fef2) Importer(815301076,1909f56bfc062723c751e8b465ee728b) (PreviewImporter) -> (artifact id: '53d9c3e2449c849af9add8d2b73c9671') in 0.0099067 seconds
Number of updated asset objects reloaded before import = 0Number of asset objects unloaded after import = 3

========================================================================
Received Import Request.
  Time since last request: 0.009467 seconds.
  path: Assets/Platform/PlatformReskin/More_grass/Corner1.png
  artifactKey: Guid(0fc389bfbb640904ba47913d3977b6b7) Importer(815301076,1909f56bfc062723c751e8b465ee728b)
Start importing Assets/Platform/PlatformReskin/More_grass/Corner1.png using Guid(0fc389bfbb640904ba47913d3977b6b7) Importer(815301076,1909f56bfc062723c751e8b465ee728b) (PreviewImporter) -> (artifact id: 'ca0dd751bfddb452072887e0dd826b5b') in 0.0091751 seconds
Number of updated asset objects reloaded before import = 0Number of asset objects unloaded after import = 3

========================================================================
Received Import Request.
  Time since last request: 0.051649 seconds.
  path: Assets/Platform/PlatformReskin/More_grass/Corner3.png
  artifactKey: Guid(27f10febad2694a40904fee7d70d49f9) Importer(815301076,1909f56bfc062723c751e8b465ee728b)
Start importing Assets/Platform/PlatformReskin/More_grass/Corner3.png using Guid(27f10febad2694a40904fee7d70d49f9) Importer(815301076,1909f56bfc062723c751e8b465ee728b) (PreviewImporter) -> (artifact id: '9b2f2041513bc828ce8b5fc3f4f4a635') in 0.0101209 seconds
Number of updated asset objects reloaded before import = 0Number of asset objects unloaded after import = 3

========================================================================
Received Import Request.
  Time since last request: 0.000040 seconds.
  path: Assets/Platform/PlatformReskin/More_grass/Grass4.png
  artifactKey: Guid(3ec7df05e78abad4e9f5de0d60d63064) Importer(815301076,1909f56bfc062723c751e8b465ee728b)
Start importing Assets/Platform/PlatformReskin/More_grass/Grass4.png using Guid(3ec7df05e78abad4e9f5de0d60d63064) Importer(815301076,1909f56bfc062723c751e8b465ee728b) (PreviewImporter) -> (artifact id: '604288eaeb2fff34921a92b504417af0') in 0.0114453 seconds
Number of updated asset objects reloaded before import = 0Number of asset objects unloaded after import = 3

========================================================================
Received Import Request.
  Time since last request: 7.031075 seconds.
  path: Assets/Platform/PlatformReskin/More_grass/Corner1.png
  artifactKey: Guid(0fc389bfbb640904ba47913d3977b6b7) Importer(815301076,1909f56bfc062723c751e8b465ee728b)
Start importing Assets/Platform/PlatformReskin/More_grass/Corner1.png using Guid(0fc389bfbb640904ba47913d3977b6b7) Importer(815301076,1909f56bfc062723c751e8b465ee728b) (PreviewImporter) -> (artifact id: '929d8314943323bc6fba2a4b59e782fa') in 0.0104767 seconds
Number of updated asset objects reloaded before import = 0Number of asset objects unloaded after import = 3

========================================================================
Received Import Request.
  Time since last request: 6.305053 seconds.
  path: Assets/Platform/PlatformReskin/More_grass/Corner2.png
  artifactKey: Guid(1752a27b193689243acc1dd1def592b3) Importer(815301076,1909f56bfc062723c751e8b465ee728b)
Start importing Assets/Platform/PlatformReskin/More_grass/Corner2.png using Guid(1752a27b193689243acc1dd1def592b3) Importer(815301076,1909f56bfc062723c751e8b465ee728b) (PreviewImporter) -> (artifact id: '22636b7f6f99d654d8793d64aadafc36') in 0.010489 seconds
Number of updated asset objects reloaded before import = 0Number of asset objects unloaded after import = 3

========================================================================
Received Import Request.
  Time since last request: 6.124103 seconds.
  path: Assets/Platform/PlatformReskin/More_grass/Corner3.png
  artifactKey: Guid(27f10febad2694a40904fee7d70d49f9) Importer(815301076,1909f56bfc062723c751e8b465ee728b)
Start importing Assets/Platform/PlatformReskin/More_grass/Corner3.png using Guid(27f10febad2694a40904fee7d70d49f9) Importer(815301076,1909f56bfc062723c751e8b465ee728b) (PreviewImporter) -> (artifact id: 'd25c99cd5ba04b8e685fae51608a27ff') in 0.0102079 seconds
Number of updated asset objects reloaded before import = 0Number of asset objects unloaded after import = 3

========================================================================
Received Import Request.
  Time since last request: 6.020258 seconds.
  path: Assets/Platform/PlatformReskin/More_grass/Corner4.png
  artifactKey: Guid(5d5352d13e464964b81acd3c2d067882) Importer(815301076,1909f56bfc062723c751e8b465ee728b)
Start importing Assets/Platform/PlatformReskin/More_grass/Corner4.png using Guid(5d5352d13e464964b81acd3c2d067882) Importer(815301076,1909f56bfc062723c751e8b465ee728b) (PreviewImporter) -> (artifact id: 'c8c4f308dffa96c2bc2a55cd67b05863') in 0.0087502 seconds
Number of updated asset objects reloaded before import = 0Number of asset objects unloaded after import = 3

========================================================================
Received Import Request.
  Time since last request: 10.316482 seconds.
  path: Assets/Platform/PlatformReskin/More_grass/Grass1.png
  artifactKey: Guid(e47ea1900c91fd541aa06a838459fef2) Importer(815301076,1909f56bfc062723c751e8b465ee728b)
Start importing Assets/Platform/PlatformReskin/More_grass/Grass1.png using Guid(e47ea1900c91fd541aa06a838459fef2) Importer(815301076,1909f56bfc062723c751e8b465ee728b) (PreviewImporter) -> (artifact id: '052eeca4e54bc23e35889e42e73af376') in 0.0117273 seconds
Number of updated asset objects reloaded before import = 0Number of asset objects unloaded after import = 3

========================================================================
Received Import Request.
  Time since last request: 4.851819 seconds.
  path: Assets/Platform/PlatformReskin/More_grass/Grass2.png
  artifactKey: Guid(3bafaeb88f9027440921a513a33c11a1) Importer(815301076,1909f56bfc062723c751e8b465ee728b)
Start importing Assets/Platform/PlatformReskin/More_grass/Grass2.png using Guid(3bafaeb88f9027440921a513a33c11a1) Importer(815301076,1909f56bfc062723c751e8b465ee728b) (PreviewImporter) -> (artifact id: '3fedc41285c258ad832e68b2d9e6b061') in 0.0106588 seconds
Number of updated asset objects reloaded before import = 0Number of asset objects unloaded after import = 3

========================================================================
Received Import Request.
  Time since last request: 8.807603 seconds.
  path: Assets/Platform/PlatformReskin/More_grass/Grass3.png
  artifactKey: Guid(ea14f59c895d6aa428db0037a5007fcd) Importer(815301076,1909f56bfc062723c751e8b465ee728b)
Start importing Assets/Platform/PlatformReskin/More_grass/Grass3.png using Guid(ea14f59c895d6aa428db0037a5007fcd) Importer(815301076,1909f56bfc062723c751e8b465ee728b) (PreviewImporter) -> (artifact id: '09f646b482e2c60e643ec8a4f3912883') in 0.0094319 seconds
Number of updated asset objects reloaded before import = 0Number of asset objects unloaded after import = 3

========================================================================
Received Import Request.
  Time since last request: 110.936038 seconds.
  path: Assets/Platform/PlatformReskin/More_grass/Grass4.png
  artifactKey: Guid(3ec7df05e78abad4e9f5de0d60d63064) Importer(815301076,1909f56bfc062723c751e8b465ee728b)
Start importing Assets/Platform/PlatformReskin/More_grass/Grass4.png using Guid(3ec7df05e78abad4e9f5de0d60d63064) Importer(815301076,1909f56bfc062723c751e8b465ee728b) (PreviewImporter) -> (artifact id: '0ade16cca3a3256c1ec85d230f551beb') in 0.0133682 seconds
Number of updated asset objects reloaded before import = 0Number of asset objects unloaded after import = 3

========================================================================
Received Import Request.
  Time since last request: 67.209029 seconds.
  path: Assets/TileMap/Reskin_map01/Grass1_0.asset
  artifactKey: Guid(6bcd13076969e0f4396edf36a8c47f5b) Importer(815301076,1909f56bfc062723c751e8b465ee728b)
Start importing Assets/TileMap/Reskin_map01/Grass1_0.asset using Guid(6bcd13076969e0f4396edf36a8c47f5b) Importer(815301076,1909f56bfc062723c751e8b465ee728b) (PreviewImporter) -> (artifact id: 'c69361a3ae6c45218c43fd8e5af1ea96') in 0.0092846 seconds
Number of updated asset objects reloaded before import = 0Number of asset objects unloaded after import = 3

========================================================================
Received Import Request.
  Time since last request: 0.077712 seconds.
  path: Assets/TileMap/Reskin_map01/Grass4_0.asset
  artifactKey: Guid(52c121d2434a19842822b8bc9ff74cfd) Importer(815301076,1909f56bfc062723c751e8b465ee728b)
Start importing Assets/TileMap/Reskin_map01/Grass4_0.asset using Guid(52c121d2434a19842822b8bc9ff74cfd) Importer(815301076,1909f56bfc062723c751e8b465ee728b) (PreviewImporter) -> (artifact id: 'd31694fe44161fd8409cbf7be12b4b93') in 0.0075309 seconds
Number of updated asset objects reloaded before import = 0Number of asset objects unloaded after import = 3

========================================================================
Received Import Request.
  Time since last request: 0.073342 seconds.
  path: Assets/TileMap/Reskin_map01/Map1_7_0.asset
  artifactKey: Guid(bf8d56501e58550498e9477e654f49e4) Importer(815301076,1909f56bfc062723c751e8b465ee728b)
Start importing Assets/TileMap/Reskin_map01/Map1_7_0.asset using Guid(bf8d56501e58550498e9477e654f49e4) Importer(815301076,1909f56bfc062723c751e8b465ee728b) (PreviewImporter) -> (artifact id: 'dbce3a4def39ec69bf4d26cd662f7fac') in 0.0103556 seconds
Number of updated asset objects reloaded before import = 0Number of asset objects unloaded after import = 3

========================================================================
Received Import Request.
  Time since last request: 0.000343 seconds.
  path: Assets/TileMap/Reskin_map01/Map1_9_0.asset
  artifactKey: Guid(95e185df1cf0910469cfeae315ff3cc4) Importer(815301076,1909f56bfc062723c751e8b465ee728b)
Start importing Assets/TileMap/Reskin_map01/Map1_9_0.asset using Guid(95e185df1cf0910469cfeae315ff3cc4) Importer(815301076,1909f56bfc062723c751e8b465ee728b) (PreviewImporter) -> (artifact id: '7e6b94a656e303561dcc5ebd2d6d6787') in 0.0093448 seconds
Number of updated asset objects reloaded before import = 0Number of asset objects unloaded after import = 3

========================================================================
Received Import Request.
  Time since last request: 0.000058 seconds.
  path: Assets/TileMap/Reskin_map01/Map1_6_0.asset
  artifactKey: Guid(17028c3f6d4881d408ffed4d2006961b) Importer(815301076,1909f56bfc062723c751e8b465ee728b)
Start importing Assets/TileMap/Reskin_map01/Map1_6_0.asset using Guid(17028c3f6d4881d408ffed4d2006961b) Importer(815301076,1909f56bfc062723c751e8b465ee728b) (PreviewImporter) -> (artifact id: '046f5dbc5e793ae7c40f886ee902766b') in 0.0111543 seconds
Number of updated asset objects reloaded before import = 0Number of asset objects unloaded after import = 3

========================================================================
Received Import Request.
  Time since last request: 0.000043 seconds.
  path: Assets/TileMap/Reskin_map01/Map1_8_0.asset
  artifactKey: Guid(d2cdbb659e9aabe4bad963176d0ede0d) Importer(815301076,1909f56bfc062723c751e8b465ee728b)
Start importing Assets/TileMap/Reskin_map01/Map1_8_0.asset using Guid(d2cdbb659e9aabe4bad963176d0ede0d) Importer(815301076,1909f56bfc062723c751e8b465ee728b) (PreviewImporter) -> (artifact id: '0f503ae36c413879bc33269faaac867e') in 0.0097438 seconds
Number of updated asset objects reloaded before import = 0Number of asset objects unloaded after import = 3

========================================================================
Received Import Request.
  Time since last request: 0.000025 seconds.
  path: Assets/TileMap/Reskin_map01/Map1_5_0.asset
  artifactKey: Guid(869db99f11f749c4cadbc110d4e5c7c9) Importer(815301076,1909f56bfc062723c751e8b465ee728b)
Start importing Assets/TileMap/Reskin_map01/Map1_5_0.asset using Guid(869db99f11f749c4cadbc110d4e5c7c9) Importer(815301076,1909f56bfc062723c751e8b465ee728b) (PreviewImporter) -> (artifact id: '99683a59a063a0c82269cd1835440e88') in 0.009541 seconds
Number of updated asset objects reloaded before import = 0Number of asset objects unloaded after import = 3

Editor requested this worker to shutdown with reason: Scaling down because of idle timeout
AssetImportWorker is now disconnected from the server
Process exiting
Exiting without the bug reporter. Application will terminate with return code 0