Using pre-set license
Built from '2023.2/release' branch; Version is '2023.2.4f1 (3a7eb0602d92) revision 3833520'; Using compiler version '193431935'; Build Type 'Release'
OS: 'Windows 11  (10.0.26100) 64bit CoreSingleLanguage' Language: 'en' Physical Memory: 24315 MB
BatchMode: 1, IsHumanControllingUs: 0, StartBugReporterOnCrash: 0, Is64bit: 1, IsPro: 1

COMMAND LINE ARGUMENTS:
C:\Program Files\Unity\Hub\Editor\2023.2.4f1\Editor\Unity.exe
-adb2
-batchMode
-noUpm
-name
AssetImportWorker6
-projectPath
C:/HomeWork/unity/TWH_Game_Edit15
-logFile
Logs/AssetImportWorker6.log
-srvPort
49979
-job-worker-count
11
-background-job-worker-count
8
-asset-garbage-collectors
1
Successfully changed project path to: C:/HomeWork/unity/TWH_Game_Edit15
C:/HomeWork/unity/TWH_Game_Edit15
[UnityMemory] Configuration Parameters - Can be set up in boot.config
    "memorysetup-bucket-allocator-granularity=16"
    "memorysetup-bucket-allocator-bucket-count=8"
    "memorysetup-bucket-allocator-block-size=33554432"
    "memorysetup-bucket-allocator-block-count=8"
    "memorysetup-main-allocator-block-size=16777216"
    "memorysetup-thread-allocator-block-size=16777216"
    "memorysetup-gfx-main-allocator-block-size=16777216"
    "memorysetup-gfx-thread-allocator-block-size=16777216"
    "memorysetup-cache-allocator-block-size=4194304"
    "memorysetup-typetree-allocator-block-size=2097152"
    "memorysetup-profiler-bucket-allocator-granularity=16"
    "memorysetup-profiler-bucket-allocator-bucket-count=8"
    "memorysetup-profiler-bucket-allocator-block-size=33554432"
    "memorysetup-profiler-bucket-allocator-block-count=8"
    "memorysetup-profiler-allocator-block-size=16777216"
    "memorysetup-profiler-editor-allocator-block-size=1048576"
    "memorysetup-temp-allocator-size-main=16777216"
    "memorysetup-job-temp-allocator-block-size=2097152"
    "memorysetup-job-temp-allocator-block-size-background=1048576"
    "memorysetup-job-temp-allocator-reduction-small-platforms=262144"
    "memorysetup-allocator-temp-initial-block-size-main=262144"
    "memorysetup-allocator-temp-initial-block-size-worker=262144"
    "memorysetup-temp-allocator-size-background-worker=32768"
    "memorysetup-temp-allocator-size-job-worker=262144"
    "memorysetup-temp-allocator-size-preload-manager=33554432"
    "memorysetup-temp-allocator-size-nav-mesh-worker=65536"
    "memorysetup-temp-allocator-size-audio-worker=65536"
    "memorysetup-temp-allocator-size-cloud-worker=32768"
    "memorysetup-temp-allocator-size-gi-baking-worker=262144"
    "memorysetup-temp-allocator-size-gi-baking-worker=262144"
    "memorysetup-temp-allocator-size-gi-baking-worker=262144"
    "memorysetup-temp-allocator-size-gi-baking-worker=262144"
    "memorysetup-temp-allocator-size-gfx=262144"
Player connection [69848] Host "[IP] 192.168.1.34 [Port] 0 [Flags] 2 [Guid] 500264592 [EditorId] 500264592 [Version] 1048832 [Id] WindowsEditor(7,LAPTOP-1BOK71AU) [Debug] 1 [PackageName] WindowsEditor [ProjectName] Editor" joined multi-casting on [225.0.0.222:54997]...
Player connection [69848] Host "[IP] 192.168.1.34 [Port] 0 [Flags] 2 [Guid] 500264592 [EditorId] 500264592 [Version] 1048832 [Id] WindowsEditor(7,LAPTOP-1BOK71AU) [Debug] 1 [PackageName] WindowsEditor [ProjectName] Editor" joined alternative multi-casting on [225.0.0.222:34997]...
JobSystem: Creating JobQueue using job-worker-count value 11
[Physics::Module] Initialized MultithreadedJobDispatcher with 11 workers.
Library Redirect Path: Library/
Refreshing native plugins compatible for Editor in 1.61 ms, found 4 plugins.
Preloading 0 native plugins for Editor in 0.00 ms.
Initialize engine version: 2023.2.4f1 (3a7eb0602d92)
[Subsystems] Discovering subsystems at path C:/Program Files/Unity/Hub/Editor/2023.2.4f1/Editor/Data/Resources/UnitySubsystems
[Subsystems] Discovering subsystems at path C:/HomeWork/unity/TWH_Game_Edit15/Assets
GfxDevice: creating device client; kGfxThreadingModeNonThreaded
Direct3D:
    Version:  Direct3D 11.0 [level 11.1]
    Renderer: NVIDIA GeForce RTX 4060 Laptop GPU (ID=0x28e0)
    Vendor:   NVIDIA
    VRAM:     7957 MB
    Driver:   32.0.15.6094
Initialize mono
Mono path[0] = 'C:/Program Files/Unity/Hub/Editor/2023.2.4f1/Editor/Data/Managed'
Mono path[1] = 'C:/Program Files/Unity/Hub/Editor/2023.2.4f1/Editor/Data/MonoBleedingEdge/lib/mono/unityjit-win32'
Mono config path = 'C:/Program Files/Unity/Hub/Editor/2023.2.4f1/Editor/Data/MonoBleedingEdge/etc'
Using monoOptions --debugger-agent=transport=dt_socket,embedding=1,server=y,suspend=n,address=127.0.0.1:56680
Begin MonoManager ReloadAssembly
C:\build\output\Unity-Technologies\mono\mono\metadata\icall.c:1842:
C:\build\output\Unity-Technologies\mono\mono\metadata\icall.c:1842:
C:\build\output\Unity-Technologies\mono\mono\metadata\icall.c:1842:
C:\build\output\Unity-Technologies\mono\mono\metadata\icall.c:1842:
C:\build\output\Unity-Technologies\mono\mono\metadata\icall.c:1842:
C:\build\output\Unity-Technologies\mono\mono\metadata\icall.c:1842:
C:\build\output\Unity-Technologies\mono\mono\metadata\icall.c:1842:
C:\build\output\Unity-Technologies\mono\mono\metadata\icall.c:1842:
C:\build\output\Unity-Technologies\mono\mono\metadata\icall.c:1842:
C:\build\output\Unity-Technologies\mono\mono\metadata\icall.c:1842:
Registering precompiled unity dll's ...
Register platform support module: C:/Program Files/Unity/Hub/Editor/2023.2.4f1/Editor/Data/PlaybackEngines/WebGLSupport/UnityEditor.WebGL.Extensions.dll
Register platform support module: C:/Program Files/Unity/Hub/Editor/2023.2.4f1/Editor/Data/PlaybackEngines/WindowsStandaloneSupport/UnityEditor.WindowsStandalone.Extensions.dll
Registered in 0.006854 seconds.
- Loaded All Assemblies, in  0.402 seconds
Native extension for WindowsStandalone target not found
Native extension for WebGL target not found
Mono: successfully reloaded assembly
C:\build\output\Unity-Technologies\mono\mono\metadata\icall.c:1842:
C:\build\output\Unity-Technologies\mono\mono\metadata\icall.c:1842:
- Finished resetting the current domain, in  0.292 seconds
Domain Reload Profiling: 691ms
	BeginReloadAssembly (126ms)
		ExecutionOrderSort (0ms)
		DisableScriptedObjects (0ms)
		BackupInstance (0ms)
		ReleaseScriptingObjects (0ms)
		CreateAndSetChildDomain (1ms)
	RebuildCommonClasses (31ms)
	RebuildNativeTypeToScriptingClass (16ms)
	initialDomainReloadingComplete (66ms)
	LoadAllAssembliesAndSetupDomain (161ms)
		LoadAssemblies (122ms)
		RebuildTransferFunctionScriptingTraits (0ms)
		AnalyzeDomain (158ms)
			TypeCache.Refresh (156ms)
				TypeCache.ScanAssembly (140ms)
			BuildScriptInfoCaches (0ms)
			ResolveRequiredComponents (1ms)
	FinalizeReload (292ms)
		ReleaseScriptCaches (0ms)
		RebuildScriptCaches (0ms)
		SetupLoadedEditorAssemblies (241ms)
			LogAssemblyErrors (0ms)
			InitializePlatformSupportModulesInManaged (10ms)
			SetLoadedEditorAssemblies (5ms)
			BeforeProcessingInitializeOnLoad (6ms)
			ProcessInitializeOnLoadAttributes (181ms)
			ProcessInitializeOnLoadMethodAttributes (40ms)
			AfterProcessingInitializeOnLoad (0ms)
			EditorAssembliesLoaded (0ms)
		ExecutionOrderSort2 (0ms)
		AwakeInstancesAfterBackupRestoration (0ms)
========================================================================
Worker process is ready to serve import requests
Import Worker Mode flag is 0x00
Begin MonoManager ReloadAssembly
C:\build\output\Unity-Technologies\mono\mono\metadata\icall.c:1842:
C:\build\output\Unity-Technologies\mono\mono\metadata\icall.c:1842:
C:\build\output\Unity-Technologies\mono\mono\metadata\icall.c:1842:
C:\build\output\Unity-Technologies\mono\mono\metadata\icall.c:1842:
C:\build\output\Unity-Technologies\mono\mono\metadata\icall.c:1842:
C:\build\output\Unity-Technologies\mono\mono\metadata\icall.c:1842:
C:\build\output\Unity-Technologies\mono\mono\metadata\icall.c:1842:
C:\build\output\Unity-Technologies\mono\mono\metadata\icall.c:1842:
C:\build\output\Unity-Technologies\mono\mono\metadata\icall.c:1842:
C:\build\output\Unity-Technologies\mono\mono\metadata\icall.c:1842:
C:\build\output\Unity-Technologies\mono\mono\metadata\icall.c:1842:
C:\build\output\Unity-Technologies\mono\mono\metadata\icall.c:1842:
Symbol file LoadedFromMemory doesn't match image C:\HomeWork\unity\TWH_Game_Edit15\Library\PackageCache\com.unity.visualscripting@1.8.0\Editor\VisualScripting.Core\Dependencies\YamlDotNet\Unity.VisualScripting.YamlDotNet.dll
Symbol file LoadedFromMemory doesn't match image C:\HomeWork\unity\TWH_Game_Edit15\Library\PackageCache\com.unity.visualscripting@1.8.0\Editor\VisualScripting.Core\Dependencies\DotNetZip\Unity.VisualScripting.IonicZip.dll
- Loaded All Assemblies, in  1.092 seconds
Refreshing native plugins compatible for Editor in 1.01 ms, found 4 plugins.
Native extension for WindowsStandalone target not found
Native extension for WebGL target not found
Mono: successfully reloaded assembly
- Finished resetting the current domain, in  0.660 seconds
Domain Reload Profiling: 1719ms
	BeginReloadAssembly (355ms)
		ExecutionOrderSort (0ms)
		DisableScriptedObjects (6ms)
		BackupInstance (0ms)
		ReleaseScriptingObjects (0ms)
		CreateAndSetChildDomain (33ms)
	RebuildCommonClasses (36ms)
	RebuildNativeTypeToScriptingClass (16ms)
	initialDomainReloadingComplete (48ms)
	LoadAllAssembliesAndSetupDomain (604ms)
		LoadAssemblies (506ms)
		RebuildTransferFunctionScriptingTraits (0ms)
		AnalyzeDomain (201ms)
			TypeCache.Refresh (158ms)
				TypeCache.ScanAssembly (143ms)
			BuildScriptInfoCaches (33ms)
			ResolveRequiredComponents (7ms)
	FinalizeReload (660ms)
		ReleaseScriptCaches (0ms)
		RebuildScriptCaches (0ms)
		SetupLoadedEditorAssemblies (484ms)
			LogAssemblyErrors (0ms)
			InitializePlatformSupportModulesInManaged (3ms)
			SetLoadedEditorAssemblies (5ms)
			BeforeProcessingInitializeOnLoad (55ms)
			ProcessInitializeOnLoadAttributes (384ms)
			ProcessInitializeOnLoadMethodAttributes (31ms)
			AfterProcessingInitializeOnLoad (6ms)
			EditorAssembliesLoaded (0ms)
		ExecutionOrderSort2 (0ms)
		AwakeInstancesAfterBackupRestoration (5ms)
Launched and connected shader compiler UnityShaderCompiler.exe after 0.01 seconds
Refreshing native plugins compatible for Editor in 1.12 ms, found 4 plugins.
Preloading 0 native plugins for Editor in 0.00 ms.
Unloading 33 Unused Serialized files (Serialized files now loaded: 0)
Unloading 4804 unused Assets / (1.5 MB). Loaded Objects now: 5381.
Memory consumption went from 132.7 MB to 131.2 MB.
Total: 5.446100 ms (FindLiveObjects: 0.373000 ms CreateObjectMapping: 0.309700 ms MarkObjects: 3.566400 ms  DeleteObjects: 1.195100 ms)

========================================================================
Received Import Request.
  Time since last request: 1158115.348979 seconds.
  path: Assets/Platform/PlatformReskin/More_grass/Corner2.png
  artifactKey: Guid(1752a27b193689243acc1dd1def592b3) Importer(815301076,1909f56bfc062723c751e8b465ee728b)
Start importing Assets/Platform/PlatformReskin/More_grass/Corner2.png using Guid(1752a27b193689243acc1dd1def592b3) Importer(815301076,1909f56bfc062723c751e8b465ee728b) (PreviewImporter) -> (artifact id: 'c0a52b13cc911c4cd3754b4696eb2c21') in 0.0876729 seconds
Number of updated asset objects reloaded before import = 0Number of asset objects unloaded after import = 3

========================================================================
Received Import Request.
  Time since last request: 234.850768 seconds.
  path: Assets/Platform/PlatformReskin/New_platform/Map1_1.png
  artifactKey: Guid(671f1581bb6b35540bca03ba0582bced) Importer(815301076,1909f56bfc062723c751e8b465ee728b)
Start importing Assets/Platform/PlatformReskin/New_platform/Map1_1.png using Guid(671f1581bb6b35540bca03ba0582bced) Importer(815301076,1909f56bfc062723c751e8b465ee728b) (PreviewImporter) -> (artifact id: 'e0c80b68ca25d1770f75e1addf095616') in 0.0167579 seconds
Number of updated asset objects reloaded before import = 0Number of asset objects unloaded after import = 3

========================================================================
Received Import Request.
  Time since last request: 8.597758 seconds.
  path: Assets/Platform/PlatformReskin/New_platform/Map1_1.png
  artifactKey: Guid(671f1581bb6b35540bca03ba0582bced) Importer(815301076,1909f56bfc062723c751e8b465ee728b)
Start importing Assets/Platform/PlatformReskin/New_platform/Map1_1.png using Guid(671f1581bb6b35540bca03ba0582bced) Importer(815301076,1909f56bfc062723c751e8b465ee728b) (PreviewImporter) -> (artifact id: '0e941007f149e36b275ae3dbf5afcbb3') in 0.0093807 seconds
Number of updated asset objects reloaded before import = 0Number of asset objects unloaded after import = 3

========================================================================
Received Import Request.
  Time since last request: 8.790207 seconds.
  path: Assets/Platform/PlatformReskin/New_platform/Map1_1.png
  artifactKey: Guid(671f1581bb6b35540bca03ba0582bced) Importer(815301076,1909f56bfc062723c751e8b465ee728b)
Start importing Assets/Platform/PlatformReskin/New_platform/Map1_1.png using Guid(671f1581bb6b35540bca03ba0582bced) Importer(815301076,1909f56bfc062723c751e8b465ee728b) (PreviewImporter) -> (artifact id: '67d9dae2953244784c613d4e2832ca93') in 0.0120263 seconds
Number of updated asset objects reloaded before import = 0Number of asset objects unloaded after import = 3

========================================================================
Received Import Request.
  Time since last request: 5.307809 seconds.
  path: Assets/Platform/PlatformReskin/New_platform/Map1_1.png
  artifactKey: Guid(671f1581bb6b35540bca03ba0582bced) Importer(815301076,1909f56bfc062723c751e8b465ee728b)
Start importing Assets/Platform/PlatformReskin/New_platform/Map1_1.png using Guid(671f1581bb6b35540bca03ba0582bced) Importer(815301076,1909f56bfc062723c751e8b465ee728b) (PreviewImporter) -> (artifact id: 'b7f023e41581317bdec833fd6d882c22') in 0.0110316 seconds
Number of updated asset objects reloaded before import = 0Number of asset objects unloaded after import = 3

========================================================================
Received Prepare
Begin MonoManager ReloadAssembly
C:\build\output\Unity-Technologies\mono\mono\metadata\icall.c:1842:
C:\build\output\Unity-Technologies\mono\mono\metadata\icall.c:1842:
C:\build\output\Unity-Technologies\mono\mono\metadata\icall.c:1842:
C:\build\output\Unity-Technologies\mono\mono\metadata\icall.c:1842:
C:\build\output\Unity-Technologies\mono\mono\metadata\icall.c:1842:
C:\build\output\Unity-Technologies\mono\mono\metadata\icall.c:1842:
C:\build\output\Unity-Technologies\mono\mono\metadata\icall.c:1842:
C:\build\output\Unity-Technologies\mono\mono\metadata\icall.c:1842:
C:\build\output\Unity-Technologies\mono\mono\metadata\icall.c:1842:
C:\build\output\Unity-Technologies\mono\mono\metadata\icall.c:1842:
C:\build\output\Unity-Technologies\mono\mono\metadata\icall.c:1842:
C:\build\output\Unity-Technologies\mono\mono\metadata\icall.c:1842:
Symbol file LoadedFromMemory doesn't match image C:\HomeWork\unity\TWH_Game_Edit15\Library\PackageCache\com.unity.visualscripting@1.8.0\Editor\VisualScripting.Core\Dependencies\YamlDotNet\Unity.VisualScripting.YamlDotNet.dll
Symbol file LoadedFromMemory doesn't match image C:\HomeWork\unity\TWH_Game_Edit15\Library\PackageCache\com.unity.visualscripting@1.8.0\Editor\VisualScripting.Core\Dependencies\DotNetZip\Unity.VisualScripting.IonicZip.dll
- Loaded All Assemblies, in  0.692 seconds
Refreshing native plugins compatible for Editor in 2.85 ms, found 4 plugins.
Native extension for WindowsStandalone target not found
Native extension for WebGL target not found
Mono: successfully reloaded assembly
- Finished resetting the current domain, in  0.792 seconds
Domain Reload Profiling: 1481ms
	BeginReloadAssembly (232ms)
		ExecutionOrderSort (0ms)
		DisableScriptedObjects (13ms)
		BackupInstance (0ms)
		ReleaseScriptingObjects (0ms)
		CreateAndSetChildDomain (51ms)
	RebuildCommonClasses (36ms)
	RebuildNativeTypeToScriptingClass (13ms)
	initialDomainReloadingComplete (30ms)
	LoadAllAssembliesAndSetupDomain (378ms)
		LoadAssemblies (378ms)
		RebuildTransferFunctionScriptingTraits (0ms)
		AnalyzeDomain (121ms)
			TypeCache.Refresh (7ms)
				TypeCache.ScanAssembly (0ms)
			BuildScriptInfoCaches (105ms)
			ResolveRequiredComponents (5ms)
	FinalizeReload (793ms)
		ReleaseScriptCaches (0ms)
		RebuildScriptCaches (0ms)
		SetupLoadedEditorAssemblies (545ms)
			LogAssemblyErrors (0ms)
			InitializePlatformSupportModulesInManaged (3ms)
			SetLoadedEditorAssemblies (4ms)
			BeforeProcessingInitializeOnLoad (58ms)
			ProcessInitializeOnLoadAttributes (423ms)
			ProcessInitializeOnLoadMethodAttributes (44ms)
			AfterProcessingInitializeOnLoad (12ms)
			EditorAssembliesLoaded (1ms)
		ExecutionOrderSort2 (0ms)
		AwakeInstancesAfterBackupRestoration (12ms)
Refreshing native plugins compatible for Editor in 2.10 ms, found 4 plugins.
Preloading 0 native plugins for Editor in 0.00 ms.
Unloading 3 Unused Serialized files (Serialized files now loaded: 0)
Unloading 4802 unused Assets / (1.4 MB). Loaded Objects now: 5391.
Memory consumption went from 128.7 MB to 127.3 MB.
Total: 9.127800 ms (FindLiveObjects: 0.733300 ms CreateObjectMapping: 0.838800 ms MarkObjects: 6.171900 ms  DeleteObjects: 1.381800 ms)

Prepare: number of updated asset objects reloaded= 0
========================================================================
Received Import Request.
  Time since last request: 71.778782 seconds.
  path: Assets/Platform/PlatformReskin/New_platform/Map1_1.png
  artifactKey: Guid(671f1581bb6b35540bca03ba0582bced) Importer(815301076,1909f56bfc062723c751e8b465ee728b)
Start importing Assets/Platform/PlatformReskin/New_platform/Map1_1.png using Guid(671f1581bb6b35540bca03ba0582bced) Importer(815301076,1909f56bfc062723c751e8b465ee728b) (PreviewImporter) -> (artifact id: '9fedef89cc9829565eab296fc3cb3140') in 0.0741035 seconds
Number of updated asset objects reloaded before import = 0Number of asset objects unloaded after import = 3

========================================================================
Received Import Request.
  Time since last request: 58.744377 seconds.
  path: Assets/Platform/PlatformReskin/New_platform/Map1_1.png
  artifactKey: Guid(671f1581bb6b35540bca03ba0582bced) Importer(815301076,1909f56bfc062723c751e8b465ee728b)
Start importing Assets/Platform/PlatformReskin/New_platform/Map1_1.png using Guid(671f1581bb6b35540bca03ba0582bced) Importer(815301076,1909f56bfc062723c751e8b465ee728b) (PreviewImporter) -> (artifact id: '44946f3f2f3ec5699ab2fabe550a7519') in 0.0169242 seconds
Number of updated asset objects reloaded before import = 0Number of asset objects unloaded after import = 3

========================================================================
Received Import Request.
  Time since last request: 4.815244 seconds.
  path: Assets/Platform/PlatformReskin/New_platform/Map1_1.png
  artifactKey: Guid(671f1581bb6b35540bca03ba0582bced) Importer(815301076,1909f56bfc062723c751e8b465ee728b)
Start importing Assets/Platform/PlatformReskin/New_platform/Map1_1.png using Guid(671f1581bb6b35540bca03ba0582bced) Importer(815301076,1909f56bfc062723c751e8b465ee728b) (PreviewImporter) -> (artifact id: '2a3f6ff0c70c589c79c5a41bcbfad827') in 0.015385 seconds
Number of updated asset objects reloaded before import = 0Number of asset objects unloaded after import = 3

========================================================================
Received Import Request.
  Time since last request: 32.631121 seconds.
  path: Assets/Platform/PlatformReskin/New_platform/Map1_1.png
  artifactKey: Guid(671f1581bb6b35540bca03ba0582bced) Importer(815301076,1909f56bfc062723c751e8b465ee728b)
Start importing Assets/Platform/PlatformReskin/New_platform/Map1_1.png using Guid(671f1581bb6b35540bca03ba0582bced) Importer(815301076,1909f56bfc062723c751e8b465ee728b) (PreviewImporter) -> (artifact id: 'f0296fe4ad987cf2cbe1503e40b81251') in 0.0133174 seconds
Number of updated asset objects reloaded before import = 0Number of asset objects unloaded after import = 3

========================================================================
Received Import Request.
  Time since last request: 12.280415 seconds.
  path: Assets/Platform/PlatformReskin/New_platform/Map1_1.png
  artifactKey: Guid(671f1581bb6b35540bca03ba0582bced) Importer(815301076,1909f56bfc062723c751e8b465ee728b)
Start importing Assets/Platform/PlatformReskin/New_platform/Map1_1.png using Guid(671f1581bb6b35540bca03ba0582bced) Importer(815301076,1909f56bfc062723c751e8b465ee728b) (PreviewImporter) -> (artifact id: '9cdc60c56e59596cb841edf47c68c754') in 0.0124513 seconds
Number of updated asset objects reloaded before import = 0Number of asset objects unloaded after import = 3

========================================================================
Received Import Request.
  Time since last request: 19.556776 seconds.
  path: Assets/Platform/PlatformReskin/New_platform/Map1_1.png
  artifactKey: Guid(671f1581bb6b35540bca03ba0582bced) Importer(815301076,1909f56bfc062723c751e8b465ee728b)
Start importing Assets/Platform/PlatformReskin/New_platform/Map1_1.png using Guid(671f1581bb6b35540bca03ba0582bced) Importer(815301076,1909f56bfc062723c751e8b465ee728b) (PreviewImporter) -> (artifact id: '53c6a7dc49aa44bfa715a380785c5201') in 0.0112348 seconds
Number of updated asset objects reloaded before import = 0Number of asset objects unloaded after import = 3

========================================================================
Received Import Request.
  Time since last request: 6.340232 seconds.
  path: Assets/Platform/PlatformReskin/New_platform/Map1_1.png
  artifactKey: Guid(671f1581bb6b35540bca03ba0582bced) Importer(815301076,1909f56bfc062723c751e8b465ee728b)
Start importing Assets/Platform/PlatformReskin/New_platform/Map1_1.png using Guid(671f1581bb6b35540bca03ba0582bced) Importer(815301076,1909f56bfc062723c751e8b465ee728b) (PreviewImporter) -> (artifact id: '36198ff2e719e5a12938fac0a9204241') in 0.0115345 seconds
Number of updated asset objects reloaded before import = 0Number of asset objects unloaded after import = 3

========================================================================
Received Import Request.
  Time since last request: 42.639506 seconds.
  path: Assets/Platform/PlatformReskin/New_platform/Map1_2.png
  artifactKey: Guid(6ac720364b1c4de4094a1aac83a766b9) Importer(815301076,1909f56bfc062723c751e8b465ee728b)
Start importing Assets/Platform/PlatformReskin/New_platform/Map1_2.png using Guid(6ac720364b1c4de4094a1aac83a766b9) Importer(815301076,1909f56bfc062723c751e8b465ee728b) (PreviewImporter) -> (artifact id: '33b59aea9b8163bd0f236521fafa8708') in 0.0107872 seconds
Number of updated asset objects reloaded before import = 0Number of asset objects unloaded after import = 3

========================================================================
Received Import Request.
  Time since last request: 0.045916 seconds.
  path: Assets/Platform/PlatformReskin/New_platform/Map1_6.png
  artifactKey: Guid(9701617c14160974ca2a5de85a3c8c21) Importer(815301076,1909f56bfc062723c751e8b465ee728b)
Start importing Assets/Platform/PlatformReskin/New_platform/Map1_6.png using Guid(9701617c14160974ca2a5de85a3c8c21) Importer(815301076,1909f56bfc062723c751e8b465ee728b) (PreviewImporter) -> (artifact id: 'a52ffaae8671c4ed9b1b927951181276') in 0.0101782 seconds
Number of updated asset objects reloaded before import = 0Number of asset objects unloaded after import = 3

========================================================================
Received Import Request.
  Time since last request: 0.051556 seconds.
  path: Assets/Platform/PlatformReskin/New_platform/Map1_7.png
  artifactKey: Guid(fad564f72fa4dcc428857472862acfcf) Importer(815301076,1909f56bfc062723c751e8b465ee728b)
Start importing Assets/Platform/PlatformReskin/New_platform/Map1_7.png using Guid(fad564f72fa4dcc428857472862acfcf) Importer(815301076,1909f56bfc062723c751e8b465ee728b) (PreviewImporter) -> (artifact id: 'c588d3e13c58fd6ad02279a0cff8d662') in 0.0130479 seconds
Number of updated asset objects reloaded before import = 0Number of asset objects unloaded after import = 3

========================================================================
Received Import Request.
  Time since last request: 0.000186 seconds.
  path: Assets/Platform/PlatformReskin/New_platform/Map1_4.png
  artifactKey: Guid(a8cb80e1d5aef5f428762d4a032b1c54) Importer(815301076,1909f56bfc062723c751e8b465ee728b)
Start importing Assets/Platform/PlatformReskin/New_platform/Map1_4.png using Guid(a8cb80e1d5aef5f428762d4a032b1c54) Importer(815301076,1909f56bfc062723c751e8b465ee728b) (PreviewImporter) -> (artifact id: '283c599689ab0ec7141af122ce2052e5') in 0.0123559 seconds
Number of updated asset objects reloaded before import = 0Number of asset objects unloaded after import = 3

========================================================================
Received Import Request.
  Time since last request: 0.000023 seconds.
  path: Assets/Platform/PlatformReskin/New_platform/Map1_8.png
  artifactKey: Guid(42a28f5a09e1c4141ab7a6e6d9a585a3) Importer(815301076,1909f56bfc062723c751e8b465ee728b)
Start importing Assets/Platform/PlatformReskin/New_platform/Map1_8.png using Guid(42a28f5a09e1c4141ab7a6e6d9a585a3) Importer(815301076,1909f56bfc062723c751e8b465ee728b) (PreviewImporter) -> (artifact id: '64f23240b5dd4ae86be3695f4b06b4ba') in 0.0115027 seconds
Number of updated asset objects reloaded before import = 0Number of asset objects unloaded after import = 3

========================================================================
Received Import Request.
  Time since last request: 53.807347 seconds.
  path: Assets/TileMap/Reskin_map01/Map1_2_0.asset
  artifactKey: Guid(f0dfa060fb58c5c4d96b362de5f8fd44) Importer(815301076,1909f56bfc062723c751e8b465ee728b)
Start importing Assets/TileMap/Reskin_map01/Map1_2_0.asset using Guid(f0dfa060fb58c5c4d96b362de5f8fd44) Importer(815301076,1909f56bfc062723c751e8b465ee728b) (PreviewImporter) -> (artifact id: '272e9d546e558c9bd85b78e7822c3e42') in 0.0284155 seconds
Number of updated asset objects reloaded before import = 0Number of asset objects unloaded after import = 3

========================================================================
Received Import Request.
  Time since last request: 0.824541 seconds.
  path: Assets/TileMap/Flower/IMG_1395_5.asset
  artifactKey: Guid(53d1e780e160a4e468d3c2992d511b8a) Importer(815301076,1909f56bfc062723c751e8b465ee728b)
Start importing Assets/TileMap/Flower/IMG_1395_5.asset using Guid(53d1e780e160a4e468d3c2992d511b8a) Importer(815301076,1909f56bfc062723c751e8b465ee728b) (PreviewImporter) -> (artifact id: 'bdc137822366417b9fd5076e3401062f') in 0.0165468 seconds
Number of updated asset objects reloaded before import = 0Number of asset objects unloaded after import = 3

========================================================================
Received Import Request.
  Time since last request: 0.000026 seconds.
  path: Assets/TileMap/Flower/IMG_1395_8.asset
  artifactKey: Guid(9d574630bb853434d98a6e29e32354fe) Importer(815301076,1909f56bfc062723c751e8b465ee728b)
Start importing Assets/TileMap/Flower/IMG_1395_8.asset using Guid(9d574630bb853434d98a6e29e32354fe) Importer(815301076,1909f56bfc062723c751e8b465ee728b) (PreviewImporter) -> (artifact id: '9a30cdbfbdddb83fb001bdcf43e02c3f') in 0.0110122 seconds
Number of updated asset objects reloaded before import = 0Number of asset objects unloaded after import = 3

========================================================================
Received Import Request.
  Time since last request: 1.086304 seconds.
  path: Assets/TileMap/Flower/IMG_1395_1.asset
  artifactKey: Guid(36d15b087c8ef5542a7f23244f465f51) Importer(815301076,1909f56bfc062723c751e8b465ee728b)
Start importing Assets/TileMap/Flower/IMG_1395_1.asset using Guid(36d15b087c8ef5542a7f23244f465f51) Importer(815301076,1909f56bfc062723c751e8b465ee728b) (PreviewImporter) -> (artifact id: 'fae135725a53f772f4a32c0b166df6ee') in 0.0104724 seconds
Number of updated asset objects reloaded before import = 0Number of asset objects unloaded after import = 3

Editor requested this worker to shutdown with reason: Scaling down because of idle timeout
AssetImportWorker is now disconnected from the server
Process exiting
Exiting without the bug reporter. Application will terminate with return code 0